2021-10-04 07:39:12.468  INFO 31992 --- [main] c._2_ug_1.cacyno.CacynoApplicationTests  : Starting CacynoApplicationTests using Java 16.0.2 on epaz1.student.iastate.edu with PID 31992 (started by emmanuelpaz in /Users/emmanuelpaz/Downloads/ComS309/Backend/cacyno)
2021-10-04 07:39:12.492  INFO 31992 --- [main] c._2_ug_1.cacyno.CacynoApplicationTests  : No active profile set, falling back to default profiles: default
2021-10-04 07:39:14.016  INFO 31992 --- [main] .s.d.r.c.RepositoryConfigurationDelegate : Bootstrapping Spring Data JPA repositories in DEFAULT mode.
2021-10-04 07:39:14.135  INFO 31992 --- [main] .s.d.r.c.RepositoryConfigurationDelegate : Finished Spring Data repository scanning in 92 ms. Found 1 JPA repository interfaces.
2021-10-04 07:39:15.382  INFO 31992 --- [main] o.hibernate.jpa.internal.util.LogHelper  : HHH000204: Processing PersistenceUnitInfo [name: default]
2021-10-04 07:39:15.435  INFO 31992 --- [main] org.hibernate.Version                    : HHH000412: Hibernate ORM core version 5.4.32.Final
2021-10-04 07:39:15.542  INFO 31992 --- [main] o.hibernate.annotations.common.Version   : HCANN000001: Hibernate Commons Annotations {5.1.2.Final}
2021-10-04 07:39:15.649  INFO 31992 --- [main] com.zaxxer.hikari.HikariDataSource       : HikariPool-1 - Starting...
2021-10-04 07:39:16.003  INFO 31992 --- [main] com.zaxxer.hikari.HikariDataSource       : HikariPool-1 - Start completed.
2021-10-04 07:39:16.031  INFO 31992 --- [main] org.hibernate.dialect.Dialect            : HHH000400: Using dialect: org.hibernate.dialect.MySQL8Dialect
2021-10-04 07:39:16.650  INFO 31992 --- [main] o.h.e.t.j.p.i.JtaPlatformInitiator       : HHH000490: Using JtaPlatform implementation: [org.hibernate.engine.transaction.jta.platform.internal.NoJtaPlatform]
2021-10-04 07:39:16.658  INFO 31992 --- [main] j.LocalContainerEntityManagerFactoryBean : Initialized JPA EntityManagerFactory for persistence unit 'default'
2021-10-04 07:39:17.412  WARN 31992 --- [main] JpaBaseConfiguration$JpaWebConfiguration : spring.jpa.open-in-view is enabled by default. Therefore, database queries may be performed during view rendering. Explicitly configure spring.jpa.open-in-view to disable this warning
2021-10-04 07:39:19.084  INFO 31992 --- [main] c._2_ug_1.cacyno.CacynoApplicationTests  : Started CacynoApplicationTests in 7.128 seconds (JVM running for 8.778)
2021-10-04 07:39:19.602  INFO 31992 --- [SpringApplicationShutdownHook] j.LocalContainerEntityManagerFactoryBean : Closing JPA EntityManagerFactory for persistence unit 'default'
2021-10-04 07:39:19.609  INFO 31992 --- [SpringApplicationShutdownHook] com.zaxxer.hikari.HikariDataSource       : HikariPool-1 - Shutdown initiated...
2021-10-04 07:39:19.626  INFO 31992 --- [SpringApplicationShutdownHook] com.zaxxer.hikari.HikariDataSource       : HikariPool-1 - Shutdown completed.
2021-10-04 08:34:44.804  INFO 32858 --- [main] c._2_ug_1.cacyno.CacynoApplicationTests  : Starting CacynoApplicationTests using Java 16.0.2 on epaz1.student.iastate.edu with PID 32858 (started by emmanuelpaz in /Users/emmanuelpaz/Downloads/ComS309/Backend/cacyno)
2021-10-04 08:34:44.816  INFO 32858 --- [main] c._2_ug_1.cacyno.CacynoApplicationTests  : No active profile set, falling back to default profiles: default
2021-10-04 08:34:46.235  INFO 32858 --- [main] .s.d.r.c.RepositoryConfigurationDelegate : Bootstrapping Spring Data JPA repositories in DEFAULT mode.
2021-10-04 08:34:46.314  INFO 32858 --- [main] .s.d.r.c.RepositoryConfigurationDelegate : Finished Spring Data repository scanning in 64 ms. Found 1 JPA repository interfaces.
2021-10-04 08:34:47.728  INFO 32858 --- [main] o.hibernate.jpa.internal.util.LogHelper  : HHH000204: Processing PersistenceUnitInfo [name: default]
2021-10-04 08:34:47.801  INFO 32858 --- [main] org.hibernate.Version                    : HHH000412: Hibernate ORM core version 5.4.32.Final
2021-10-04 08:34:47.928  INFO 32858 --- [main] o.hibernate.annotations.common.Version   : HCANN000001: Hibernate Commons Annotations {5.1.2.Final}
2021-10-04 08:34:48.036  INFO 32858 --- [main] com.zaxxer.hikari.HikariDataSource       : HikariPool-1 - Starting...
2021-10-04 08:34:48.358  INFO 32858 --- [main] com.zaxxer.hikari.HikariDataSource       : HikariPool-1 - Start completed.
2021-10-04 08:34:48.392  INFO 32858 --- [main] org.hibernate.dialect.Dialect            : HHH000400: Using dialect: org.hibernate.dialect.MySQL8Dialect
2021-10-04 08:34:49.029  INFO 32858 --- [main] o.h.e.t.j.p.i.JtaPlatformInitiator       : HHH000490: Using JtaPlatform implementation: [org.hibernate.engine.transaction.jta.platform.internal.NoJtaPlatform]
2021-10-04 08:34:49.036  INFO 32858 --- [main] j.LocalContainerEntityManagerFactoryBean : Initialized JPA EntityManagerFactory for persistence unit 'default'
2021-10-04 08:34:49.846  WARN 32858 --- [main] JpaBaseConfiguration$JpaWebConfiguration : spring.jpa.open-in-view is enabled by default. Therefore, database queries may be performed during view rendering. Explicitly configure spring.jpa.open-in-view to disable this warning
2021-10-04 08:34:51.956  INFO 32858 --- [main] c._2_ug_1.cacyno.CacynoApplicationTests  : Started CacynoApplicationTests in 7.692 seconds (JVM running for 9.481)
2021-10-04 08:34:52.266  INFO 32858 --- [SpringApplicationShutdownHook] j.LocalContainerEntityManagerFactoryBean : Closing JPA EntityManagerFactory for persistence unit 'default'
2021-10-04 08:34:52.273  INFO 32858 --- [SpringApplicationShutdownHook] com.zaxxer.hikari.HikariDataSource       : HikariPool-1 - Shutdown initiated...
2021-10-04 08:34:52.289  INFO 32858 --- [SpringApplicationShutdownHook] com.zaxxer.hikari.HikariDataSource       : HikariPool-1 - Shutdown completed.
